<?xml version="1.0" encoding="utf-8"?><testsuites name="pytest tests"><testsuite name="pytest" errors="0" failures="0" skipped="0" tests="21" time="3.265" timestamp="2026-06-12T10:37:02.534448+00:00" hostname="agent-env-67428743-fd50-462c-8127-eb7d41d1f21f"><testcase classname="backend.tests.test_admin_api" name="test_health" time="0.101" /><testcase classname="backend.tests.test_admin_api" name="test_login_success" time="0.267" /><testcase classname="backend.tests.test_admin_api" name="test_login_wrong_password" time="0.044" /><testcase classname="backend.tests.test_admin_api" name="test_me_no_token" time="0.135" /><testcase classname="backend.tests.test_admin_api" name="test_me_with_token" time="0.364" /><testcase classname="backend.tests.test_admin_api" name="test_me_bad_token" time="0.096" /><testcase classname="backend.tests.test_admin_api" name="test_admin_bookings_no_auth" time="0.093" /><testcase classname="backend.tests.test_admin_api" name="test_admin_export_no_auth" time="0.100" /><testcase classname="backend.tests.test_admin_api" name="test_create_public_booking" time="0.049" /><testcase classname="backend.tests.test_admin_api" name="test_admin_list_bookings" time="0.094" /><testcase classname="backend.tests.test_admin_api" name="test_admin_list_search_filter" time="0.096" /><testcase classname="backend.tests.test_admin_api" name="test_admin_list_status_filter" time="0.096" /><testcase classname="backend.tests.test_admin_api" name="test_admin_get_booking_detail" time="0.094" /><testcase classname="backend.tests.test_admin_api" name="test_admin_get_booking_invalid_id" time="0.093" /><testcase classname="backend.tests.test_admin_api" name="test_admin_get_booking_not_found" time="0.095" /><testcase classname="backend.tests.test_admin_api" name="test_admin_update_status" time="0.202" /><testcase classname="backend.tests.test_admin_api" name="test_admin_update_invalid_status" time="0.095" /><testcase classname="backend.tests.test_admin_api" name="test_admin_update_notes" time="0.191" /><testcase classname="backend.tests.test_admin_api" name="test_admin_export_csv" time="0.101" /><testcase classname="backend.tests.test_admin_api" name="test_brute_force_lockout" time="0.688" /><testcase classname="backend.tests.test_admin_api" name="test_cleanup" time="0.105" /></testsuite></testsuites>